ARM GAS  C:\Users\COLTON~1\AppData\Local\Temp\ccthnWDQ.s 			page 1


   1              		.cpu cortex-m4
   2              		.arch armv7e-m
   3              		.fpu fpv4-sp-d16
   4              		.eabi_attribute 27, 1
   5              		.eabi_attribute 28, 1
   6              		.eabi_attribute 20, 1
   7              		.eabi_attribute 21, 1
   8              		.eabi_attribute 23, 3
   9              		.eabi_attribute 24, 1
  10              		.eabi_attribute 25, 1
  11              		.eabi_attribute 26, 1
  12              		.eabi_attribute 30, 1
  13              		.eabi_attribute 34, 1
  14              		.eabi_attribute 18, 4
  15              		.file	"application_main.c"
  16              		.text
  17              	.Ltext0:
  18              		.cfi_sections	.debug_frame
  19              		.file 1 "Src/application_main.c"
  20              		.section	.text.applicationSetup,"ax",%progbits
  21              		.align	1
  22              		.global	applicationSetup
  23              		.syntax unified
  24              		.thumb
  25              		.thumb_func
  27              	applicationSetup:
  28              	.LFB0:
   1:Src/application_main.c **** /**
   2:Src/application_main.c ****  ******************************************************************************
   3:Src/application_main.c ****  * @file    gpio.c
   4:Src/application_main.c ****  * @brief   This file provides code for the configuration
   5:Src/application_main.c ****  *          of all used GPIO pins.
   6:Src/application_main.c ****  ******************************************************************************
   7:Src/application_main.c ****  * @attention
   8:Src/application_main.c ****  *
   9:Src/application_main.c ****  * Copyright (c) 2024 STMicroelectronics.
  10:Src/application_main.c ****  * All rights reserved.
  11:Src/application_main.c ****  *
  12:Src/application_main.c ****  * This software is licensed under terms that can be found in the LICENSE file
  13:Src/application_main.c ****  * in the root directory of this software component.
  14:Src/application_main.c ****  * If no LICENSE file comes with this software, it is provided AS-IS.
  15:Src/application_main.c ****  *
  16:Src/application_main.c ****  ******************************************************************************
  17:Src/application_main.c ****  */
  18:Src/application_main.c **** 
  19:Src/application_main.c **** void applicationSetup()
  20:Src/application_main.c **** {
  29              		.loc 1 20 1 view -0
  30              		.cfi_startproc
  31              		@ args = 0, pretend = 0, frame = 0
  32              		@ frame_needed = 0, uses_anonymous_args = 0
  33              		@ link register save eliminated.
  21:Src/application_main.c **** 
  22:Src/application_main.c **** }
  34              		.loc 1 22 1 view .LVU1
  35 0000 7047     		bx	lr
  36              		.cfi_endproc
ARM GAS  C:\Users\COLTON~1\AppData\Local\Temp\ccthnWDQ.s 			page 2


  37              	.LFE0:
  39              		.section	.text.applicationLoop,"ax",%progbits
  40              		.align	1
  41              		.global	applicationLoop
  42              		.syntax unified
  43              		.thumb
  44              		.thumb_func
  46              	applicationLoop:
  47              	.LFB1:
  23:Src/application_main.c **** 
  24:Src/application_main.c **** void applicationLoop()
  25:Src/application_main.c **** {
  48              		.loc 1 25 1 view -0
  49              		.cfi_startproc
  50              		@ args = 0, pretend = 0, frame = 0
  51              		@ frame_needed = 0, uses_anonymous_args = 0
  52              		@ link register save eliminated.
  26:Src/application_main.c ****   
  27:Src/application_main.c **** }...
  53              		.loc 1 27 1 view .LVU3
  54 0000 7047     		bx	lr
  55              		.cfi_endproc
  56              	.LFE1:
  58              		.text
  59              	.Letext0:
ARM GAS  C:\Users\COLTON~1\AppData\Local\Temp\ccthnWDQ.s 			page 3


DEFINED SYMBOLS
                            *ABS*:00000000 application_main.c
C:\Users\COLTON~1\AppData\Local\Temp\ccthnWDQ.s:21     .text.applicationSetup:00000000 $t
C:\Users\COLTON~1\AppData\Local\Temp\ccthnWDQ.s:27     .text.applicationSetup:00000000 applicationSetup
C:\Users\COLTON~1\AppData\Local\Temp\ccthnWDQ.s:40     .text.applicationLoop:00000000 $t
C:\Users\COLTON~1\AppData\Local\Temp\ccthnWDQ.s:46     .text.applicationLoop:00000000 applicationLoop

NO UNDEFINED SYMBOLS
