ARM GAS  C:\Users\Tshud\AppData\Local\Temp\ccd1qQGs.s 			page 1


   1              		.cpu cortex-m4
   2              		.arch armv7e-m
   3              		.fpu fpv4-sp-d16
   4              		.eabi_attribute 27, 1
   5              		.eabi_attribute 28, 1
   6              		.eabi_attribute 20, 1
   7              		.eabi_attribute 21, 1
   8              		.eabi_attribute 23, 3
   9              		.eabi_attribute 24, 1
  10              		.eabi_attribute 25, 1
  11              		.eabi_attribute 26, 1
  12              		.eabi_attribute 30, 1
  13              		.eabi_attribute 34, 1
  14              		.eabi_attribute 18, 4
  15              		.file	"usart.c"
  16              		.text
  17              	.Ltext0:
  18              		.cfi_sections	.debug_frame
  19              		.file 1 "Src/usart.c"
  20              		.section	.text.MX_LPUART1_UART_Init,"ax",%progbits
  21              		.align	1
  22              		.global	MX_LPUART1_UART_Init
  23              		.syntax unified
  24              		.thumb
  25              		.thumb_func
  27              	MX_LPUART1_UART_Init:
  28              	.LFB132:
   1:Src/usart.c   **** /* USER CODE BEGIN Header */
   2:Src/usart.c   **** /**
   3:Src/usart.c   ****   ******************************************************************************
   4:Src/usart.c   ****   * @file    usart.c
   5:Src/usart.c   ****   * @brief   This file provides code for the configuration
   6:Src/usart.c   ****   *          of the USART instances.
   7:Src/usart.c   ****   ******************************************************************************
   8:Src/usart.c   ****   * @attention
   9:Src/usart.c   ****   *
  10:Src/usart.c   ****   * Copyright (c) 2024 STMicroelectronics.
  11:Src/usart.c   ****   * All rights reserved.
  12:Src/usart.c   ****   *
  13:Src/usart.c   ****   * This software is licensed under terms that can be found in the LICENSE file
  14:Src/usart.c   ****   * in the root directory of this software component.
  15:Src/usart.c   ****   * If no LICENSE file comes with this software, it is provided AS-IS.
  16:Src/usart.c   ****   *
  17:Src/usart.c   ****   ******************************************************************************
  18:Src/usart.c   ****   */
  19:Src/usart.c   **** /* USER CODE END Header */
  20:Src/usart.c   **** /* Includes ------------------------------------------------------------------*/
  21:Src/usart.c   **** #include "usart.h"
  22:Src/usart.c   **** 
  23:Src/usart.c   **** /* USER CODE BEGIN 0 */
  24:Src/usart.c   **** 
  25:Src/usart.c   **** /* USER CODE END 0 */
  26:Src/usart.c   **** 
  27:Src/usart.c   **** UART_HandleTypeDef hlpuart1;
  28:Src/usart.c   **** 
  29:Src/usart.c   **** /* LPUART1 init function */
  30:Src/usart.c   **** 
ARM GAS  C:\Users\Tshud\AppData\Local\Temp\ccd1qQGs.s 			page 2


  31:Src/usart.c   **** void MX_LPUART1_UART_Init(void)
  32:Src/usart.c   **** {
  29              		.loc 1 32 1 view -0
  30              		.cfi_startproc
  31              		@ args = 0, pretend = 0, frame = 0
  32              		@ frame_needed = 0, uses_anonymous_args = 0
  33 0000 08B5     		push	{r3, lr}
  34              		.cfi_def_cfa_offset 8
  35              		.cfi_offset 3, -8
  36              		.cfi_offset 14, -4
  33:Src/usart.c   **** 
  34:Src/usart.c   ****   /* USER CODE BEGIN LPUART1_Init 0 */
  35:Src/usart.c   **** 
  36:Src/usart.c   ****   /* USER CODE END LPUART1_Init 0 */
  37:Src/usart.c   **** 
  38:Src/usart.c   ****   /* USER CODE BEGIN LPUART1_Init 1 */
  39:Src/usart.c   **** 
  40:Src/usart.c   ****   /* USER CODE END LPUART1_Init 1 */
  41:Src/usart.c   ****   hlpuart1.Instance = LPUART1;
  37              		.loc 1 41 3 view .LVU1
  38              		.loc 1 41 21 is_stmt 0 view .LVU2
  39 0002 1648     		ldr	r0, .L11
  40 0004 164B     		ldr	r3, .L11+4
  41 0006 0360     		str	r3, [r0]
  42:Src/usart.c   ****   hlpuart1.Init.BaudRate = 1000000;
  42              		.loc 1 42 3 is_stmt 1 view .LVU3
  43              		.loc 1 42 26 is_stmt 0 view .LVU4
  44 0008 164B     		ldr	r3, .L11+8
  45 000a 4360     		str	r3, [r0, #4]
  43:Src/usart.c   ****   hlpuart1.Init.WordLength = UART_WORDLENGTH_8B;
  46              		.loc 1 43 3 is_stmt 1 view .LVU5
  47              		.loc 1 43 28 is_stmt 0 view .LVU6
  48 000c 0023     		movs	r3, #0
  49 000e 8360     		str	r3, [r0, #8]
  44:Src/usart.c   ****   hlpuart1.Init.StopBits = UART_STOPBITS_1;
  50              		.loc 1 44 3 is_stmt 1 view .LVU7
  51              		.loc 1 44 26 is_stmt 0 view .LVU8
  52 0010 C360     		str	r3, [r0, #12]
  45:Src/usart.c   ****   hlpuart1.Init.Parity = UART_PARITY_NONE;
  53              		.loc 1 45 3 is_stmt 1 view .LVU9
  54              		.loc 1 45 24 is_stmt 0 view .LVU10
  55 0012 0361     		str	r3, [r0, #16]
  46:Src/usart.c   ****   hlpuart1.Init.Mode = UART_MODE_TX_RX;
  56              		.loc 1 46 3 is_stmt 1 view .LVU11
  57              		.loc 1 46 22 is_stmt 0 view .LVU12
  58 0014 0C22     		movs	r2, #12
  59 0016 4261     		str	r2, [r0, #20]
  47:Src/usart.c   ****   hlpuart1.Init.HwFlowCtl = UART_HWCONTROL_NONE;
  60              		.loc 1 47 3 is_stmt 1 view .LVU13
  61              		.loc 1 47 27 is_stmt 0 view .LVU14
  62 0018 8361     		str	r3, [r0, #24]
  48:Src/usart.c   ****   hlpuart1.Init.OneBitSampling = UART_ONE_BIT_SAMPLE_DISABLE;
  63              		.loc 1 48 3 is_stmt 1 view .LVU15
  64              		.loc 1 48 32 is_stmt 0 view .LVU16
  65 001a 0362     		str	r3, [r0, #32]
  49:Src/usart.c   ****   hlpuart1.Init.ClockPrescaler = UART_PRESCALER_DIV1;
  66              		.loc 1 49 3 is_stmt 1 view .LVU17
ARM GAS  C:\Users\Tshud\AppData\Local\Temp\ccd1qQGs.s 			page 3


  67              		.loc 1 49 32 is_stmt 0 view .LVU18
  68 001c 4362     		str	r3, [r0, #36]
  50:Src/usart.c   ****   hlpuart1.AdvancedInit.AdvFeatureInit = UART_ADVFEATURE_NO_INIT;
  69              		.loc 1 50 3 is_stmt 1 view .LVU19
  70              		.loc 1 50 40 is_stmt 0 view .LVU20
  71 001e 8362     		str	r3, [r0, #40]
  51:Src/usart.c   ****   if (HAL_UART_Init(&hlpuart1) != HAL_OK)
  72              		.loc 1 51 3 is_stmt 1 view .LVU21
  73              		.loc 1 51 7 is_stmt 0 view .LVU22
  74 0020 FFF7FEFF 		bl	HAL_UART_Init
  75              	.LVL0:
  76              		.loc 1 51 6 discriminator 1 view .LVU23
  77 0024 70B9     		cbnz	r0, .L7
  78              	.L2:
  52:Src/usart.c   ****   {
  53:Src/usart.c   ****     Error_Handler();
  54:Src/usart.c   ****   }
  55:Src/usart.c   ****   if (HAL_UARTEx_SetTxFifoThreshold(&hlpuart1, UART_TXFIFO_THRESHOLD_1_8) != HAL_OK)
  79              		.loc 1 55 3 is_stmt 1 view .LVU24
  80              		.loc 1 55 7 is_stmt 0 view .LVU25
  81 0026 0021     		movs	r1, #0
  82 0028 0C48     		ldr	r0, .L11
  83 002a FFF7FEFF 		bl	HAL_UARTEx_SetTxFifoThreshold
  84              	.LVL1:
  85              		.loc 1 55 6 discriminator 1 view .LVU26
  86 002e 60B9     		cbnz	r0, .L8
  87              	.L3:
  56:Src/usart.c   ****   {
  57:Src/usart.c   ****     Error_Handler();
  58:Src/usart.c   ****   }
  59:Src/usart.c   ****   if (HAL_UARTEx_SetRxFifoThreshold(&hlpuart1, UART_RXFIFO_THRESHOLD_1_8) != HAL_OK)
  88              		.loc 1 59 3 is_stmt 1 view .LVU27
  89              		.loc 1 59 7 is_stmt 0 view .LVU28
  90 0030 0021     		movs	r1, #0
  91 0032 0A48     		ldr	r0, .L11
  92 0034 FFF7FEFF 		bl	HAL_UARTEx_SetRxFifoThreshold
  93              	.LVL2:
  94              		.loc 1 59 6 discriminator 1 view .LVU29
  95 0038 50B9     		cbnz	r0, .L9
  96              	.L4:
  60:Src/usart.c   ****   {
  61:Src/usart.c   ****     Error_Handler();
  62:Src/usart.c   ****   }
  63:Src/usart.c   ****   if (HAL_UARTEx_DisableFifoMode(&hlpuart1) != HAL_OK)
  97              		.loc 1 63 3 is_stmt 1 view .LVU30
  98              		.loc 1 63 7 is_stmt 0 view .LVU31
  99 003a 0848     		ldr	r0, .L11
 100 003c FFF7FEFF 		bl	HAL_UARTEx_DisableFifoMode
 101              	.LVL3:
 102              		.loc 1 63 6 discriminator 1 view .LVU32
 103 0040 48B9     		cbnz	r0, .L10
 104              	.L1:
  64:Src/usart.c   ****   {
  65:Src/usart.c   ****     Error_Handler();
  66:Src/usart.c   ****   }
  67:Src/usart.c   ****   /* USER CODE BEGIN LPUART1_Init 2 */
  68:Src/usart.c   **** 
ARM GAS  C:\Users\Tshud\AppData\Local\Temp\ccd1qQGs.s 			page 4


  69:Src/usart.c   ****   /* USER CODE END LPUART1_Init 2 */
  70:Src/usart.c   **** 
  71:Src/usart.c   **** }
 105              		.loc 1 71 1 view .LVU33
 106 0042 08BD     		pop	{r3, pc}
 107              	.L7:
  53:Src/usart.c   ****   }
 108              		.loc 1 53 5 is_stmt 1 view .LVU34
 109 0044 FFF7FEFF 		bl	Error_Handler
 110              	.LVL4:
 111 0048 EDE7     		b	.L2
 112              	.L8:
  57:Src/usart.c   ****   }
 113              		.loc 1 57 5 view .LVU35
 114 004a FFF7FEFF 		bl	Error_Handler
 115              	.LVL5:
 116 004e EFE7     		b	.L3
 117              	.L9:
  61:Src/usart.c   ****   }
 118              		.loc 1 61 5 view .LVU36
 119 0050 FFF7FEFF 		bl	Error_Handler
 120              	.LVL6:
 121 0054 F1E7     		b	.L4
 122              	.L10:
  65:Src/usart.c   ****   }
 123              		.loc 1 65 5 view .LVU37
 124 0056 FFF7FEFF 		bl	Error_Handler
 125              	.LVL7:
 126              		.loc 1 71 1 is_stmt 0 view .LVU38
 127 005a F2E7     		b	.L1
 128              	.L12:
 129              		.align	2
 130              	.L11:
 131 005c 00000000 		.word	hlpuart1
 132 0060 00800040 		.word	1073774592
 133 0064 40420F00 		.word	1000000
 134              		.cfi_endproc
 135              	.LFE132:
 137              		.section	.text.HAL_UART_MspInit,"ax",%progbits
 138              		.align	1
 139              		.global	HAL_UART_MspInit
 140              		.syntax unified
 141              		.thumb
 142              		.thumb_func
 144              	HAL_UART_MspInit:
 145              	.LVL8:
 146              	.LFB133:
  72:Src/usart.c   **** 
  73:Src/usart.c   **** void HAL_UART_MspInit(UART_HandleTypeDef* uartHandle)
  74:Src/usart.c   **** {
 147              		.loc 1 74 1 is_stmt 1 view -0
 148              		.cfi_startproc
 149              		@ args = 0, pretend = 0, frame = 112
 150              		@ frame_needed = 0, uses_anonymous_args = 0
 151              		.loc 1 74 1 is_stmt 0 view .LVU40
 152 0000 10B5     		push	{r4, lr}
 153              		.cfi_def_cfa_offset 8
ARM GAS  C:\Users\Tshud\AppData\Local\Temp\ccd1qQGs.s 			page 5


 154              		.cfi_offset 4, -8
 155              		.cfi_offset 14, -4
 156 0002 9CB0     		sub	sp, sp, #112
 157              		.cfi_def_cfa_offset 120
 158 0004 0446     		mov	r4, r0
  75:Src/usart.c   **** 
  76:Src/usart.c   ****   GPIO_InitTypeDef GPIO_InitStruct = {0};
 159              		.loc 1 76 3 is_stmt 1 view .LVU41
 160              		.loc 1 76 20 is_stmt 0 view .LVU42
 161 0006 0021     		movs	r1, #0
 162 0008 1791     		str	r1, [sp, #92]
 163 000a 1891     		str	r1, [sp, #96]
 164 000c 1991     		str	r1, [sp, #100]
 165 000e 1A91     		str	r1, [sp, #104]
 166 0010 1B91     		str	r1, [sp, #108]
  77:Src/usart.c   ****   RCC_PeriphCLKInitTypeDef PeriphClkInit = {0};
 167              		.loc 1 77 3 is_stmt 1 view .LVU43
 168              		.loc 1 77 28 is_stmt 0 view .LVU44
 169 0012 5422     		movs	r2, #84
 170 0014 02A8     		add	r0, sp, #8
 171              	.LVL9:
 172              		.loc 1 77 28 view .LVU45
 173 0016 FFF7FEFF 		bl	memset
 174              	.LVL10:
  78:Src/usart.c   ****   if(uartHandle->Instance==LPUART1)
 175              		.loc 1 78 3 is_stmt 1 view .LVU46
 176              		.loc 1 78 16 is_stmt 0 view .LVU47
 177 001a 2268     		ldr	r2, [r4]
 178              		.loc 1 78 5 view .LVU48
 179 001c 174B     		ldr	r3, .L19
 180 001e 9A42     		cmp	r2, r3
 181 0020 01D0     		beq	.L17
 182              	.L13:
  79:Src/usart.c   ****   {
  80:Src/usart.c   ****   /* USER CODE BEGIN LPUART1_MspInit 0 */
  81:Src/usart.c   **** 
  82:Src/usart.c   ****   /* USER CODE END LPUART1_MspInit 0 */
  83:Src/usart.c   **** 
  84:Src/usart.c   ****   /** Initializes the peripherals clocks
  85:Src/usart.c   ****   */
  86:Src/usart.c   ****     PeriphClkInit.PeriphClockSelection = RCC_PERIPHCLK_LPUART1;
  87:Src/usart.c   ****     PeriphClkInit.Lpuart1ClockSelection = RCC_LPUART1CLKSOURCE_PCLK1;
  88:Src/usart.c   ****     if (HAL_RCCEx_PeriphCLKConfig(&PeriphClkInit) != HAL_OK)
  89:Src/usart.c   ****     {
  90:Src/usart.c   ****       Error_Handler();
  91:Src/usart.c   ****     }
  92:Src/usart.c   **** 
  93:Src/usart.c   ****     /* LPUART1 clock enable */
  94:Src/usart.c   ****     __HAL_RCC_LPUART1_CLK_ENABLE();
  95:Src/usart.c   **** 
  96:Src/usart.c   ****     __HAL_RCC_GPIOA_CLK_ENABLE();
  97:Src/usart.c   ****     /**LPUART1 GPIO Configuration
  98:Src/usart.c   ****     PA2     ------> LPUART1_TX
  99:Src/usart.c   ****     PA3     ------> LPUART1_RX
 100:Src/usart.c   ****     */
 101:Src/usart.c   ****     GPIO_InitStruct.Pin = LPUART1_TX_Pin|LPUART1_RX_Pin;
 102:Src/usart.c   ****     GPIO_InitStruct.Mode = GPIO_MODE_AF_PP;
ARM GAS  C:\Users\Tshud\AppData\Local\Temp\ccd1qQGs.s 			page 6


 103:Src/usart.c   ****     GPIO_InitStruct.Pull = GPIO_NOPULL;
 104:Src/usart.c   ****     GPIO_InitStruct.Speed = GPIO_SPEED_FREQ_LOW;
 105:Src/usart.c   ****     GPIO_InitStruct.Alternate = GPIO_AF12_LPUART1;
 106:Src/usart.c   ****     HAL_GPIO_Init(GPIOA, &GPIO_InitStruct);
 107:Src/usart.c   **** 
 108:Src/usart.c   ****   /* USER CODE BEGIN LPUART1_MspInit 1 */
 109:Src/usart.c   **** 
 110:Src/usart.c   ****   /* USER CODE END LPUART1_MspInit 1 */
 111:Src/usart.c   ****   }
 112:Src/usart.c   **** }
 183              		.loc 1 112 1 view .LVU49
 184 0022 1CB0     		add	sp, sp, #112
 185              		.cfi_remember_state
 186              		.cfi_def_cfa_offset 8
 187              		@ sp needed
 188 0024 10BD     		pop	{r4, pc}
 189              	.LVL11:
 190              	.L17:
 191              		.cfi_restore_state
  86:Src/usart.c   ****     PeriphClkInit.Lpuart1ClockSelection = RCC_LPUART1CLKSOURCE_PCLK1;
 192              		.loc 1 86 5 is_stmt 1 view .LVU50
  86:Src/usart.c   ****     PeriphClkInit.Lpuart1ClockSelection = RCC_LPUART1CLKSOURCE_PCLK1;
 193              		.loc 1 86 40 is_stmt 0 view .LVU51
 194 0026 2023     		movs	r3, #32
 195 0028 0293     		str	r3, [sp, #8]
  87:Src/usart.c   ****     if (HAL_RCCEx_PeriphCLKConfig(&PeriphClkInit) != HAL_OK)
 196              		.loc 1 87 5 is_stmt 1 view .LVU52
  88:Src/usart.c   ****     {
 197              		.loc 1 88 5 view .LVU53
  88:Src/usart.c   ****     {
 198              		.loc 1 88 9 is_stmt 0 view .LVU54
 199 002a 02A8     		add	r0, sp, #8
 200 002c FFF7FEFF 		bl	HAL_RCCEx_PeriphCLKConfig
 201              	.LVL12:
  88:Src/usart.c   ****     {
 202              		.loc 1 88 8 discriminator 1 view .LVU55
 203 0030 00BB     		cbnz	r0, .L18
 204              	.L15:
  94:Src/usart.c   **** 
 205              		.loc 1 94 5 is_stmt 1 view .LVU56
 206              	.LBB2:
  94:Src/usart.c   **** 
 207              		.loc 1 94 5 view .LVU57
  94:Src/usart.c   **** 
 208              		.loc 1 94 5 view .LVU58
 209 0032 134B     		ldr	r3, .L19+4
 210 0034 DA6D     		ldr	r2, [r3, #92]
 211 0036 42F00102 		orr	r2, r2, #1
 212 003a DA65     		str	r2, [r3, #92]
  94:Src/usart.c   **** 
 213              		.loc 1 94 5 view .LVU59
 214 003c DA6D     		ldr	r2, [r3, #92]
 215 003e 02F00102 		and	r2, r2, #1
 216 0042 0092     		str	r2, [sp]
  94:Src/usart.c   **** 
 217              		.loc 1 94 5 view .LVU60
 218 0044 009A     		ldr	r2, [sp]
ARM GAS  C:\Users\Tshud\AppData\Local\Temp\ccd1qQGs.s 			page 7


 219              	.LBE2:
  94:Src/usart.c   **** 
 220              		.loc 1 94 5 view .LVU61
  96:Src/usart.c   ****     /**LPUART1 GPIO Configuration
 221              		.loc 1 96 5 view .LVU62
 222              	.LBB3:
  96:Src/usart.c   ****     /**LPUART1 GPIO Configuration
 223              		.loc 1 96 5 view .LVU63
  96:Src/usart.c   ****     /**LPUART1 GPIO Configuration
 224              		.loc 1 96 5 view .LVU64
 225 0046 DA6C     		ldr	r2, [r3, #76]
 226 0048 42F00102 		orr	r2, r2, #1
 227 004c DA64     		str	r2, [r3, #76]
  96:Src/usart.c   ****     /**LPUART1 GPIO Configuration
 228              		.loc 1 96 5 view .LVU65
 229 004e DB6C     		ldr	r3, [r3, #76]
 230 0050 03F00103 		and	r3, r3, #1
 231 0054 0193     		str	r3, [sp, #4]
  96:Src/usart.c   ****     /**LPUART1 GPIO Configuration
 232              		.loc 1 96 5 view .LVU66
 233 0056 019B     		ldr	r3, [sp, #4]
 234              	.LBE3:
  96:Src/usart.c   ****     /**LPUART1 GPIO Configuration
 235              		.loc 1 96 5 view .LVU67
 101:Src/usart.c   ****     GPIO_InitStruct.Mode = GPIO_MODE_AF_PP;
 236              		.loc 1 101 5 view .LVU68
 101:Src/usart.c   ****     GPIO_InitStruct.Mode = GPIO_MODE_AF_PP;
 237              		.loc 1 101 25 is_stmt 0 view .LVU69
 238 0058 0C23     		movs	r3, #12
 239 005a 1793     		str	r3, [sp, #92]
 102:Src/usart.c   ****     GPIO_InitStruct.Pull = GPIO_NOPULL;
 240              		.loc 1 102 5 is_stmt 1 view .LVU70
 102:Src/usart.c   ****     GPIO_InitStruct.Pull = GPIO_NOPULL;
 241              		.loc 1 102 26 is_stmt 0 view .LVU71
 242 005c 0222     		movs	r2, #2
 243 005e 1892     		str	r2, [sp, #96]
 103:Src/usart.c   ****     GPIO_InitStruct.Speed = GPIO_SPEED_FREQ_LOW;
 244              		.loc 1 103 5 is_stmt 1 view .LVU72
 103:Src/usart.c   ****     GPIO_InitStruct.Speed = GPIO_SPEED_FREQ_LOW;
 245              		.loc 1 103 26 is_stmt 0 view .LVU73
 246 0060 0022     		movs	r2, #0
 247 0062 1992     		str	r2, [sp, #100]
 104:Src/usart.c   ****     GPIO_InitStruct.Alternate = GPIO_AF12_LPUART1;
 248              		.loc 1 104 5 is_stmt 1 view .LVU74
 104:Src/usart.c   ****     GPIO_InitStruct.Alternate = GPIO_AF12_LPUART1;
 249              		.loc 1 104 27 is_stmt 0 view .LVU75
 250 0064 1A92     		str	r2, [sp, #104]
 105:Src/usart.c   ****     HAL_GPIO_Init(GPIOA, &GPIO_InitStruct);
 251              		.loc 1 105 5 is_stmt 1 view .LVU76
 105:Src/usart.c   ****     HAL_GPIO_Init(GPIOA, &GPIO_InitStruct);
 252              		.loc 1 105 31 is_stmt 0 view .LVU77
 253 0066 1B93     		str	r3, [sp, #108]
 106:Src/usart.c   **** 
 254              		.loc 1 106 5 is_stmt 1 view .LVU78
 255 0068 17A9     		add	r1, sp, #92
 256 006a 4FF09040 		mov	r0, #1207959552
 257 006e FFF7FEFF 		bl	HAL_GPIO_Init
ARM GAS  C:\Users\Tshud\AppData\Local\Temp\ccd1qQGs.s 			page 8


 258              	.LVL13:
 259              		.loc 1 112 1 is_stmt 0 view .LVU79
 260 0072 D6E7     		b	.L13
 261              	.L18:
  90:Src/usart.c   ****     }
 262              		.loc 1 90 7 is_stmt 1 view .LVU80
 263 0074 FFF7FEFF 		bl	Error_Handler
 264              	.LVL14:
 265 0078 DBE7     		b	.L15
 266              	.L20:
 267 007a 00BF     		.align	2
 268              	.L19:
 269 007c 00800040 		.word	1073774592
 270 0080 00100240 		.word	1073876992
 271              		.cfi_endproc
 272              	.LFE133:
 274              		.section	.text.HAL_UART_MspDeInit,"ax",%progbits
 275              		.align	1
 276              		.global	HAL_UART_MspDeInit
 277              		.syntax unified
 278              		.thumb
 279              		.thumb_func
 281              	HAL_UART_MspDeInit:
 282              	.LVL15:
 283              	.LFB134:
 113:Src/usart.c   **** 
 114:Src/usart.c   **** void HAL_UART_MspDeInit(UART_HandleTypeDef* uartHandle)
 115:Src/usart.c   **** {
 284              		.loc 1 115 1 view -0
 285              		.cfi_startproc
 286              		@ args = 0, pretend = 0, frame = 0
 287              		@ frame_needed = 0, uses_anonymous_args = 0
 288              		.loc 1 115 1 is_stmt 0 view .LVU82
 289 0000 08B5     		push	{r3, lr}
 290              		.cfi_def_cfa_offset 8
 291              		.cfi_offset 3, -8
 292              		.cfi_offset 14, -4
 116:Src/usart.c   **** 
 117:Src/usart.c   ****   if(uartHandle->Instance==LPUART1)
 293              		.loc 1 117 3 is_stmt 1 view .LVU83
 294              		.loc 1 117 16 is_stmt 0 view .LVU84
 295 0002 0268     		ldr	r2, [r0]
 296              		.loc 1 117 5 view .LVU85
 297 0004 074B     		ldr	r3, .L25
 298 0006 9A42     		cmp	r2, r3
 299 0008 00D0     		beq	.L24
 300              	.LVL16:
 301              	.L21:
 118:Src/usart.c   ****   {
 119:Src/usart.c   ****   /* USER CODE BEGIN LPUART1_MspDeInit 0 */
 120:Src/usart.c   **** 
 121:Src/usart.c   ****   /* USER CODE END LPUART1_MspDeInit 0 */
 122:Src/usart.c   ****     /* Peripheral clock disable */
 123:Src/usart.c   ****     __HAL_RCC_LPUART1_CLK_DISABLE();
 124:Src/usart.c   **** 
 125:Src/usart.c   ****     /**LPUART1 GPIO Configuration
 126:Src/usart.c   ****     PA2     ------> LPUART1_TX
ARM GAS  C:\Users\Tshud\AppData\Local\Temp\ccd1qQGs.s 			page 9


 127:Src/usart.c   ****     PA3     ------> LPUART1_RX
 128:Src/usart.c   ****     */
 129:Src/usart.c   ****     HAL_GPIO_DeInit(GPIOA, LPUART1_TX_Pin|LPUART1_RX_Pin);
 130:Src/usart.c   **** 
 131:Src/usart.c   ****   /* USER CODE BEGIN LPUART1_MspDeInit 1 */
 132:Src/usart.c   **** 
 133:Src/usart.c   ****   /* USER CODE END LPUART1_MspDeInit 1 */
 134:Src/usart.c   ****   }
 135:Src/usart.c   **** }
 302              		.loc 1 135 1 view .LVU86
 303 000a 08BD     		pop	{r3, pc}
 304              	.LVL17:
 305              	.L24:
 123:Src/usart.c   **** 
 306              		.loc 1 123 5 is_stmt 1 view .LVU87
 307 000c 064A     		ldr	r2, .L25+4
 308 000e D36D     		ldr	r3, [r2, #92]
 309 0010 23F00103 		bic	r3, r3, #1
 310 0014 D365     		str	r3, [r2, #92]
 129:Src/usart.c   **** 
 311              		.loc 1 129 5 view .LVU88
 312 0016 0C21     		movs	r1, #12
 313 0018 4FF09040 		mov	r0, #1207959552
 314              	.LVL18:
 129:Src/usart.c   **** 
 315              		.loc 1 129 5 is_stmt 0 view .LVU89
 316 001c FFF7FEFF 		bl	HAL_GPIO_DeInit
 317              	.LVL19:
 318              		.loc 1 135 1 view .LVU90
 319 0020 F3E7     		b	.L21
 320              	.L26:
 321 0022 00BF     		.align	2
 322              	.L25:
 323 0024 00800040 		.word	1073774592
 324 0028 00100240 		.word	1073876992
 325              		.cfi_endproc
 326              	.LFE134:
 328              		.global	hlpuart1
 329              		.section	.bss.hlpuart1,"aw",%nobits
 330              		.align	2
 333              	hlpuart1:
 334 0000 00000000 		.space	148
 334      00000000 
 334      00000000 
 334      00000000 
 334      00000000 
 335              		.text
 336              	.Letext0:
 337              		.file 2 "C:/Users/Tshud/AppData/Roaming/Code/User/globalStorage/bmd.stm32-for-vscode/@xpack-dev-to
 338              		.file 3 "C:/Users/Tshud/AppData/Roaming/Code/User/globalStorage/bmd.stm32-for-vscode/@xpack-dev-to
 339              		.file 4 "Drivers/CMSIS/Device/ST/STM32G4xx/Include/stm32g474xx.h"
 340              		.file 5 "Drivers/STM32G4xx_HAL_Driver/Inc/stm32g4xx_hal_def.h"
 341              		.file 6 "Drivers/STM32G4xx_HAL_Driver/Inc/stm32g4xx_hal_rcc_ex.h"
 342              		.file 7 "Drivers/STM32G4xx_HAL_Driver/Inc/stm32g4xx_hal_gpio.h"
 343              		.file 8 "Drivers/STM32G4xx_HAL_Driver/Inc/stm32g4xx_hal_dma.h"
 344              		.file 9 "Drivers/STM32G4xx_HAL_Driver/Inc/stm32g4xx_hal_uart.h"
 345              		.file 10 "Drivers/STM32G4xx_HAL_Driver/Inc/stm32g4xx_hal_uart_ex.h"
ARM GAS  C:\Users\Tshud\AppData\Local\Temp\ccd1qQGs.s 			page 10


 346              		.file 11 "Inc/usart.h"
 347              		.file 12 "Inc/main.h"
 348              		.file 13 "<built-in>"
ARM GAS  C:\Users\Tshud\AppData\Local\Temp\ccd1qQGs.s 			page 11


DEFINED SYMBOLS
                            *ABS*:00000000 usart.c
C:\Users\Tshud\AppData\Local\Temp\ccd1qQGs.s:21     .text.MX_LPUART1_UART_Init:00000000 $t
C:\Users\Tshud\AppData\Local\Temp\ccd1qQGs.s:27     .text.MX_LPUART1_UART_Init:00000000 MX_LPUART1_UART_Init
C:\Users\Tshud\AppData\Local\Temp\ccd1qQGs.s:131    .text.MX_LPUART1_UART_Init:0000005c $d
C:\Users\Tshud\AppData\Local\Temp\ccd1qQGs.s:333    .bss.hlpuart1:00000000 hlpuart1
C:\Users\Tshud\AppData\Local\Temp\ccd1qQGs.s:138    .text.HAL_UART_MspInit:00000000 $t
C:\Users\Tshud\AppData\Local\Temp\ccd1qQGs.s:144    .text.HAL_UART_MspInit:00000000 HAL_UART_MspInit
C:\Users\Tshud\AppData\Local\Temp\ccd1qQGs.s:269    .text.HAL_UART_MspInit:0000007c $d
C:\Users\Tshud\AppData\Local\Temp\ccd1qQGs.s:275    .text.HAL_UART_MspDeInit:00000000 $t
C:\Users\Tshud\AppData\Local\Temp\ccd1qQGs.s:281    .text.HAL_UART_MspDeInit:00000000 HAL_UART_MspDeInit
C:\Users\Tshud\AppData\Local\Temp\ccd1qQGs.s:323    .text.HAL_UART_MspDeInit:00000024 $d
C:\Users\Tshud\AppData\Local\Temp\ccd1qQGs.s:330    .bss.hlpuart1:00000000 $d

UNDEFINED SYMBOLS
HAL_UART_Init
HAL_UARTEx_SetTxFifoThreshold
HAL_UARTEx_SetRxFifoThreshold
HAL_UARTEx_DisableFifoMode
Error_Handler
memset
HAL_RCCEx_PeriphCLKConfig
HAL_GPIO_Init
HAL_GPIO_DeInit
